ARM GAS  /tmp/ccDvBU2J.s 			page 1


   1              		.cpu cortex-m4
   2              		.eabi_attribute 27, 1
   3              		.eabi_attribute 28, 1
   4              		.eabi_attribute 20, 1
   5              		.eabi_attribute 21, 1
   6              		.eabi_attribute 23, 3
   7              		.eabi_attribute 24, 1
   8              		.eabi_attribute 25, 1
   9              		.eabi_attribute 26, 1
  10              		.eabi_attribute 30, 1
  11              		.eabi_attribute 34, 1
  12              		.eabi_attribute 18, 4
  13              		.file	"main.c"
  14              		.text
  15              	.Ltext0:
  16              		.cfi_sections	.debug_frame
  17              		.section	.text.MX_GPIO_Init,"ax",%progbits
  18              		.align	1
  19              		.syntax unified
  20              		.thumb
  21              		.thumb_func
  22              		.fpu fpv4-sp-d16
  24              	MX_GPIO_Init:
  25              	.LFB126:
  26              		.file 1 "Src/main.c"
   1:Src/main.c    **** /**
   2:Src/main.c    ****   ******************************************************************************
   3:Src/main.c    ****   * File Name          : main.c
   4:Src/main.c    ****   * Description        : Main program body
   5:Src/main.c    ****   ******************************************************************************
   6:Src/main.c    ****   ** This notice applies to any and all portions of this file
   7:Src/main.c    ****   * that are not between comment pairs USER CODE BEGIN and
   8:Src/main.c    ****   * USER CODE END. Other portions of this file, whether 
   9:Src/main.c    ****   * inserted by the user or by software development tools
  10:Src/main.c    ****   * are owned by their respective copyright owners.
  11:Src/main.c    ****   *
  12:Src/main.c    ****   * COPYRIGHT(c) 2017 STMicroelectronics
  13:Src/main.c    ****   *
  14:Src/main.c    ****   * Redistribution and use in source and binary forms, with or without modification,
  15:Src/main.c    ****   * are permitted provided that the following conditions are met:
  16:Src/main.c    ****   *   1. Redistributions of source code must retain the above copyright notice,
  17:Src/main.c    ****   *      this list of conditions and the following disclaimer.
  18:Src/main.c    ****   *   2. Redistributions in binary form must reproduce the above copyright notice,
  19:Src/main.c    ****   *      this list of conditions and the following disclaimer in the documentation
  20:Src/main.c    ****   *      and/or other materials provided with the distribution.
  21:Src/main.c    ****   *   3. Neither the name of STMicroelectronics nor the names of its contributors
  22:Src/main.c    ****   *      may be used to endorse or promote products derived from this software
  23:Src/main.c    ****   *      without specific prior written permission.
  24:Src/main.c    ****   *
  25:Src/main.c    ****   * THIS SOFTWARE IS PROVIDED BY THE COPYRIGHT HOLDERS AND CONTRIBUTORS "AS IS"
  26:Src/main.c    ****   * AND ANY EXPRESS OR IMPLIED WARRANTIES, INCLUDING, BUT NOT LIMITED TO, THE
  27:Src/main.c    ****   * IMPLIED WARRANTIES OF MERCHANTABILITY AND FITNESS FOR A PARTICULAR PURPOSE ARE
  28:Src/main.c    ****   * DISCLAIMED. IN NO EVENT SHALL THE COPYRIGHT HOLDER OR CONTRIBUTORS BE LIABLE
  29:Src/main.c    ****   * FOR ANY DIRECT, INDIRECT, INCIDENTAL, SPECIAL, EXEMPLARY, OR CONSEQUENTIAL
  30:Src/main.c    ****   * DAMAGES (INCLUDING, BUT NOT LIMITED TO, PROCUREMENT OF SUBSTITUTE GOODS OR
  31:Src/main.c    ****   * SERVICES; LOSS OF USE, DATA, OR PROFITS; OR BUSINESS INTERRUPTION) HOWEVER
  32:Src/main.c    ****   * CAUSED AND ON ANY THEORY OF LIABILITY, WHETHER IN CONTRACT, STRICT LIABILITY,
ARM GAS  /tmp/ccDvBU2J.s 			page 2


  33:Src/main.c    ****   * OR TORT (INCLUDING NEGLIGENCE OR OTHERWISE) ARISING IN ANY WAY OUT OF THE USE
  34:Src/main.c    ****   * OF THIS SOFTWARE, EVEN IF ADVISED OF THE POSSIBILITY OF SUCH DAMAGE.
  35:Src/main.c    ****   *
  36:Src/main.c    ****   ******************************************************************************
  37:Src/main.c    ****   */
  38:Src/main.c    **** 
  39:Src/main.c    **** /* Includes ------------------------------------------------------------------*/
  40:Src/main.c    **** #include "main.h"
  41:Src/main.c    **** #include "stm32f3xx_hal.h"
  42:Src/main.c    **** 
  43:Src/main.c    **** /* USER CODE BEGIN Includes */
  44:Src/main.c    **** 
  45:Src/main.c    **** /* USER CODE END Includes */
  46:Src/main.c    **** 
  47:Src/main.c    **** /* Private variables ---------------------------------------------------------*/
  48:Src/main.c    **** TIM_HandleTypeDef htim2;
  49:Src/main.c    **** 
  50:Src/main.c    **** /* USER CODE BEGIN PV */
  51:Src/main.c    **** /* Private variables ---------------------------------------------------------*/
  52:Src/main.c    **** 
  53:Src/main.c    **** /* USER CODE END PV */
  54:Src/main.c    **** 
  55:Src/main.c    **** /* Private function prototypes -----------------------------------------------*/
  56:Src/main.c    **** void SystemClock_Config(void);
  57:Src/main.c    **** static void MX_GPIO_Init(void);
  58:Src/main.c    **** static void MX_TIM2_Init(void);
  59:Src/main.c    **** 
  60:Src/main.c    **** /* USER CODE BEGIN PFP */
  61:Src/main.c    **** /* Private function prototypes -----------------------------------------------*/
  62:Src/main.c    **** 
  63:Src/main.c    **** /* USER CODE END PFP */
  64:Src/main.c    **** 
  65:Src/main.c    **** /* USER CODE BEGIN 0 */
  66:Src/main.c    **** 
  67:Src/main.c    **** /* USER CODE END 0 */
  68:Src/main.c    **** 
  69:Src/main.c    **** int main(void)
  70:Src/main.c    **** {
  71:Src/main.c    **** 
  72:Src/main.c    ****   /* USER CODE BEGIN 1 */
  73:Src/main.c    **** 
  74:Src/main.c    ****   /* USER CODE END 1 */
  75:Src/main.c    **** 
  76:Src/main.c    ****   /* MCU Configuration----------------------------------------------------------*/
  77:Src/main.c    **** 
  78:Src/main.c    ****   /* Reset of all peripherals, Initializes the Flash interface and the Systick. */
  79:Src/main.c    ****   HAL_Init();
  80:Src/main.c    **** 
  81:Src/main.c    ****   /* USER CODE BEGIN Init */
  82:Src/main.c    **** 
  83:Src/main.c    ****   /* USER CODE END Init */
  84:Src/main.c    **** 
  85:Src/main.c    ****   /* Configure the system clock */
  86:Src/main.c    ****   SystemClock_Config();
  87:Src/main.c    **** 
  88:Src/main.c    ****   /* USER CODE BEGIN SysInit */
  89:Src/main.c    **** 
ARM GAS  /tmp/ccDvBU2J.s 			page 3


  90:Src/main.c    ****   /* USER CODE END SysInit */
  91:Src/main.c    **** 
  92:Src/main.c    ****   /* Initialize all configured peripherals */
  93:Src/main.c    ****   MX_GPIO_Init();
  94:Src/main.c    ****   MX_TIM2_Init();
  95:Src/main.c    **** 
  96:Src/main.c    ****   /* USER CODE BEGIN 2 */
  97:Src/main.c    **** 
  98:Src/main.c    ****   /* USER CODE END 2 */
  99:Src/main.c    **** 
 100:Src/main.c    ****   /* Infinite loop */
 101:Src/main.c    ****   /* USER CODE BEGIN WHILE */
 102:Src/main.c    ****   while (1)
 103:Src/main.c    ****   {
 104:Src/main.c    ****   /* USER CODE END WHILE */
 105:Src/main.c    **** 
 106:Src/main.c    ****   /* USER CODE BEGIN 3 */
 107:Src/main.c    **** 
 108:Src/main.c    ****   }
 109:Src/main.c    ****   /* USER CODE END 3 */
 110:Src/main.c    **** 
 111:Src/main.c    **** }
 112:Src/main.c    **** 
 113:Src/main.c    **** /** System Clock Configuration
 114:Src/main.c    **** */
 115:Src/main.c    **** void SystemClock_Config(void)
 116:Src/main.c    **** {
 117:Src/main.c    **** 
 118:Src/main.c    ****   RCC_OscInitTypeDef RCC_OscInitStruct;
 119:Src/main.c    ****   RCC_ClkInitTypeDef RCC_ClkInitStruct;
 120:Src/main.c    **** 
 121:Src/main.c    ****     /**Initializes the CPU, AHB and APB busses clocks 
 122:Src/main.c    ****     */
 123:Src/main.c    ****   RCC_OscInitStruct.OscillatorType = RCC_OSCILLATORTYPE_HSI;
 124:Src/main.c    ****   RCC_OscInitStruct.HSIState = RCC_HSI_ON;
 125:Src/main.c    ****   RCC_OscInitStruct.HSICalibrationValue = 16;
 126:Src/main.c    ****   RCC_OscInitStruct.PLL.PLLState = RCC_PLL_ON;
 127:Src/main.c    ****   RCC_OscInitStruct.PLL.PLLSource = RCC_PLLSOURCE_HSI;
 128:Src/main.c    ****   RCC_OscInitStruct.PLL.PLLMUL = RCC_PLL_MUL16;
 129:Src/main.c    ****   if (HAL_RCC_OscConfig(&RCC_OscInitStruct) != HAL_OK)
 130:Src/main.c    ****   {
 131:Src/main.c    ****     _Error_Handler(__FILE__, __LINE__);
 132:Src/main.c    ****   }
 133:Src/main.c    **** 
 134:Src/main.c    ****     /**Initializes the CPU, AHB and APB busses clocks 
 135:Src/main.c    ****     */
 136:Src/main.c    ****   RCC_ClkInitStruct.ClockType = RCC_CLOCKTYPE_HCLK|RCC_CLOCKTYPE_SYSCLK
 137:Src/main.c    ****                               |RCC_CLOCKTYPE_PCLK1|RCC_CLOCKTYPE_PCLK2;
 138:Src/main.c    ****   RCC_ClkInitStruct.SYSCLKSource = RCC_SYSCLKSOURCE_PLLCLK;
 139:Src/main.c    ****   RCC_ClkInitStruct.AHBCLKDivider = RCC_SYSCLK_DIV1;
 140:Src/main.c    ****   RCC_ClkInitStruct.APB1CLKDivider = RCC_HCLK_DIV2;
 141:Src/main.c    ****   RCC_ClkInitStruct.APB2CLKDivider = RCC_HCLK_DIV1;
 142:Src/main.c    **** 
 143:Src/main.c    ****   if (HAL_RCC_ClockConfig(&RCC_ClkInitStruct, FLASH_LATENCY_2) != HAL_OK)
 144:Src/main.c    ****   {
 145:Src/main.c    ****     _Error_Handler(__FILE__, __LINE__);
 146:Src/main.c    ****   }
ARM GAS  /tmp/ccDvBU2J.s 			page 4


 147:Src/main.c    **** 
 148:Src/main.c    ****     /**Configure the Systick interrupt time 
 149:Src/main.c    ****     */
 150:Src/main.c    ****   HAL_SYSTICK_Config(HAL_RCC_GetHCLKFreq()/1000);
 151:Src/main.c    **** 
 152:Src/main.c    ****     /**Configure the Systick 
 153:Src/main.c    ****     */
 154:Src/main.c    ****   HAL_SYSTICK_CLKSourceConfig(SYSTICK_CLKSOURCE_HCLK);
 155:Src/main.c    **** 
 156:Src/main.c    ****   /* SysTick_IRQn interrupt configuration */
 157:Src/main.c    ****   HAL_NVIC_SetPriority(SysTick_IRQn, 0, 0);
 158:Src/main.c    **** }
 159:Src/main.c    **** 
 160:Src/main.c    **** /* TIM2 init function */
 161:Src/main.c    **** static void MX_TIM2_Init(void)
 162:Src/main.c    **** {
 163:Src/main.c    **** 
 164:Src/main.c    ****   TIM_ClockConfigTypeDef sClockSourceConfig;
 165:Src/main.c    ****   TIM_MasterConfigTypeDef sMasterConfig;
 166:Src/main.c    **** 
 167:Src/main.c    ****   htim2.Instance = TIM2;
 168:Src/main.c    ****   htim2.Init.Prescaler = 63;
 169:Src/main.c    ****   htim2.Init.CounterMode = TIM_COUNTERMODE_UP;
 170:Src/main.c    ****   htim2.Init.Period = 103;
 171:Src/main.c    ****   htim2.Init.ClockDivision = TIM_CLOCKDIVISION_DIV1;
 172:Src/main.c    ****   htim2.Init.AutoReloadPreload = TIM_AUTORELOAD_PRELOAD_ENABLE;
 173:Src/main.c    ****   if (HAL_TIM_Base_Init(&htim2) != HAL_OK)
 174:Src/main.c    ****   {
 175:Src/main.c    ****     _Error_Handler(__FILE__, __LINE__);
 176:Src/main.c    ****   }
 177:Src/main.c    **** 
 178:Src/main.c    ****   sClockSourceConfig.ClockSource = TIM_CLOCKSOURCE_INTERNAL;
 179:Src/main.c    ****   if (HAL_TIM_ConfigClockSource(&htim2, &sClockSourceConfig) != HAL_OK)
 180:Src/main.c    ****   {
 181:Src/main.c    ****     _Error_Handler(__FILE__, __LINE__);
 182:Src/main.c    ****   }
 183:Src/main.c    **** 
 184:Src/main.c    ****   sMasterConfig.MasterOutputTrigger = TIM_TRGO_RESET;
 185:Src/main.c    ****   sMasterConfig.MasterSlaveMode = TIM_MASTERSLAVEMODE_DISABLE;
 186:Src/main.c    ****   if (HAL_TIMEx_MasterConfigSynchronization(&htim2, &sMasterConfig) != HAL_OK)
 187:Src/main.c    ****   {
 188:Src/main.c    ****     _Error_Handler(__FILE__, __LINE__);
 189:Src/main.c    ****   }
 190:Src/main.c    **** 
 191:Src/main.c    **** }
 192:Src/main.c    **** 
 193:Src/main.c    **** /** Configure pins as 
 194:Src/main.c    ****         * Analog 
 195:Src/main.c    ****         * Input 
 196:Src/main.c    ****         * Output
 197:Src/main.c    ****         * EVENT_OUT
 198:Src/main.c    ****         * EXTI
 199:Src/main.c    **** */
 200:Src/main.c    **** static void MX_GPIO_Init(void)
 201:Src/main.c    **** {
  27              		.loc 1 201 0
  28              		.cfi_startproc
ARM GAS  /tmp/ccDvBU2J.s 			page 5


  29              		@ args = 0, pretend = 0, frame = 32
  30              		@ frame_needed = 0, uses_anonymous_args = 0
  31 0000 2DE9F041 		push	{r4, r5, r6, r7, r8, lr}
  32              	.LCFI0:
  33              		.cfi_def_cfa_offset 24
  34              		.cfi_offset 4, -24
  35              		.cfi_offset 5, -20
  36              		.cfi_offset 6, -16
  37              		.cfi_offset 7, -12
  38              		.cfi_offset 8, -8
  39              		.cfi_offset 14, -4
  40 0004 88B0     		sub	sp, sp, #32
  41              	.LCFI1:
  42              		.cfi_def_cfa_offset 56
  43              	.LBB2:
 202:Src/main.c    **** 
 203:Src/main.c    ****   GPIO_InitTypeDef GPIO_InitStruct;
 204:Src/main.c    **** 
 205:Src/main.c    ****   /* GPIO Ports Clock Enable */
 206:Src/main.c    ****   __HAL_RCC_GPIOA_CLK_ENABLE();
  44              		.loc 1 206 0
  45 0006 2F4B     		ldr	r3, .L3
  46 0008 5A69     		ldr	r2, [r3, #20]
  47 000a 42F40032 		orr	r2, r2, #131072
  48 000e 5A61     		str	r2, [r3, #20]
  49 0010 5A69     		ldr	r2, [r3, #20]
  50 0012 02F40032 		and	r2, r2, #131072
  51 0016 0192     		str	r2, [sp, #4]
  52 0018 019A     		ldr	r2, [sp, #4]
  53              	.LBE2:
  54              	.LBB3:
 207:Src/main.c    ****   __HAL_RCC_GPIOE_CLK_ENABLE();
  55              		.loc 1 207 0
  56 001a 5A69     		ldr	r2, [r3, #20]
  57 001c 42F40012 		orr	r2, r2, #2097152
  58 0020 5A61     		str	r2, [r3, #20]
  59 0022 5B69     		ldr	r3, [r3, #20]
  60 0024 03F40013 		and	r3, r3, #2097152
  61 0028 0293     		str	r3, [sp, #8]
  62 002a 029B     		ldr	r3, [sp, #8]
  63              	.LBE3:
 208:Src/main.c    **** 
 209:Src/main.c    ****   /*Configure GPIO pin Output Level */
 210:Src/main.c    ****   HAL_GPIO_WritePin(Manch_Tx_GPIO_Port, Manch_Tx_Pin, GPIO_PIN_RESET);
  64              		.loc 1 210 0
  65 002c 0022     		movs	r2, #0
  66 002e 0421     		movs	r1, #4
  67 0030 4FF09040 		mov	r0, #1207959552
  68 0034 FFF7FEFF 		bl	HAL_GPIO_WritePin
  69              	.LVL0:
 211:Src/main.c    **** 
 212:Src/main.c    ****   /*Configure GPIO pin Output Level */
 213:Src/main.c    ****   HAL_GPIO_WritePin(GPIOE, LED_Blue_Pin|LED_Red_Pin|LED_Orange_Pin|LED_Green_Pin 
  70              		.loc 1 213 0
  71 0038 234F     		ldr	r7, .L3+4
  72 003a 0022     		movs	r2, #0
  73 003c 4FF47F41 		mov	r1, #65280
ARM GAS  /tmp/ccDvBU2J.s 			page 6


  74 0040 3846     		mov	r0, r7
  75 0042 FFF7FEFF 		bl	HAL_GPIO_WritePin
  76              	.LVL1:
 214:Src/main.c    ****                           |LED_BLUE_Pin|LED_RED_Pin|LED_ORANGE_Pin|LED_GREEN_Pin, GPIO_PIN_RESET);
 215:Src/main.c    **** 
 216:Src/main.c    ****   /*Configure GPIO pin : USER_BUTTON_Pin */
 217:Src/main.c    ****   GPIO_InitStruct.Pin = USER_BUTTON_Pin;
  77              		.loc 1 217 0
  78 0046 0124     		movs	r4, #1
  79 0048 0394     		str	r4, [sp, #12]
 218:Src/main.c    ****   GPIO_InitStruct.Mode = GPIO_MODE_IT_RISING;
  80              		.loc 1 218 0
  81 004a DFF88080 		ldr	r8, .L3+8
  82 004e CDF81080 		str	r8, [sp, #16]
 219:Src/main.c    ****   GPIO_InitStruct.Pull = GPIO_PULLDOWN;
  83              		.loc 1 219 0
  84 0052 0226     		movs	r6, #2
  85 0054 0596     		str	r6, [sp, #20]
 220:Src/main.c    ****   HAL_GPIO_Init(USER_BUTTON_GPIO_Port, &GPIO_InitStruct);
  86              		.loc 1 220 0
  87 0056 03A9     		add	r1, sp, #12
  88 0058 4FF09040 		mov	r0, #1207959552
  89 005c FFF7FEFF 		bl	HAL_GPIO_Init
  90              	.LVL2:
 221:Src/main.c    **** 
 222:Src/main.c    ****   /*Configure GPIO pin : Manch_Tx_Pin */
 223:Src/main.c    ****   GPIO_InitStruct.Pin = Manch_Tx_Pin;
  91              		.loc 1 223 0
  92 0060 0423     		movs	r3, #4
  93 0062 0393     		str	r3, [sp, #12]
 224:Src/main.c    ****   GPIO_InitStruct.Mode = GPIO_MODE_OUTPUT_PP;
  94              		.loc 1 224 0
  95 0064 0494     		str	r4, [sp, #16]
 225:Src/main.c    ****   GPIO_InitStruct.Pull = GPIO_PULLDOWN;
  96              		.loc 1 225 0
  97 0066 0596     		str	r6, [sp, #20]
 226:Src/main.c    ****   GPIO_InitStruct.Speed = GPIO_SPEED_FREQ_LOW;
  98              		.loc 1 226 0
  99 0068 0025     		movs	r5, #0
 100 006a 0695     		str	r5, [sp, #24]
 227:Src/main.c    ****   HAL_GPIO_Init(Manch_Tx_GPIO_Port, &GPIO_InitStruct);
 101              		.loc 1 227 0
 102 006c 03A9     		add	r1, sp, #12
 103 006e 4FF09040 		mov	r0, #1207959552
 104 0072 FFF7FEFF 		bl	HAL_GPIO_Init
 105              	.LVL3:
 228:Src/main.c    **** 
 229:Src/main.c    ****   /*Configure GPIO pin : Manch_Rx_Pin */
 230:Src/main.c    ****   GPIO_InitStruct.Pin = Manch_Rx_Pin;
 106              		.loc 1 230 0
 107 0076 1023     		movs	r3, #16
 108 0078 0393     		str	r3, [sp, #12]
 231:Src/main.c    ****   GPIO_InitStruct.Mode = GPIO_MODE_IT_RISING;
 109              		.loc 1 231 0
 110 007a CDF81080 		str	r8, [sp, #16]
 232:Src/main.c    ****   GPIO_InitStruct.Pull = GPIO_PULLUP;
 111              		.loc 1 232 0
ARM GAS  /tmp/ccDvBU2J.s 			page 7


 112 007e 0594     		str	r4, [sp, #20]
 233:Src/main.c    ****   HAL_GPIO_Init(Manch_Rx_GPIO_Port, &GPIO_InitStruct);
 113              		.loc 1 233 0
 114 0080 03A9     		add	r1, sp, #12
 115 0082 4FF09040 		mov	r0, #1207959552
 116 0086 FFF7FEFF 		bl	HAL_GPIO_Init
 117              	.LVL4:
 234:Src/main.c    **** 
 235:Src/main.c    ****   /*Configure GPIO pins : LED_Blue_Pin LED_Red_Pin LED_Orange_Pin LED_Green_Pin 
 236:Src/main.c    ****                            LED_BLUE_Pin LED_RED_Pin LED_ORANGE_Pin LED_GREEN_Pin */
 237:Src/main.c    ****   GPIO_InitStruct.Pin = LED_Blue_Pin|LED_Red_Pin|LED_Orange_Pin|LED_Green_Pin 
 118              		.loc 1 237 0
 119 008a 4FF47F43 		mov	r3, #65280
 120 008e 0393     		str	r3, [sp, #12]
 238:Src/main.c    ****                           |LED_BLUE_Pin|LED_RED_Pin|LED_ORANGE_Pin|LED_GREEN_Pin;
 239:Src/main.c    ****   GPIO_InitStruct.Mode = GPIO_MODE_OUTPUT_PP;
 121              		.loc 1 239 0
 122 0090 0494     		str	r4, [sp, #16]
 240:Src/main.c    ****   GPIO_InitStruct.Pull = GPIO_PULLDOWN;
 123              		.loc 1 240 0
 124 0092 0596     		str	r6, [sp, #20]
 241:Src/main.c    ****   GPIO_InitStruct.Speed = GPIO_SPEED_FREQ_LOW;
 125              		.loc 1 241 0
 126 0094 0695     		str	r5, [sp, #24]
 242:Src/main.c    ****   HAL_GPIO_Init(GPIOE, &GPIO_InitStruct);
 127              		.loc 1 242 0
 128 0096 03A9     		add	r1, sp, #12
 129 0098 3846     		mov	r0, r7
 130 009a FFF7FEFF 		bl	HAL_GPIO_Init
 131              	.LVL5:
 243:Src/main.c    **** 
 244:Src/main.c    ****   /* EXTI interrupt init*/
 245:Src/main.c    ****   HAL_NVIC_SetPriority(EXTI0_IRQn, 1, 0);
 132              		.loc 1 245 0
 133 009e 2A46     		mov	r2, r5
 134 00a0 2146     		mov	r1, r4
 135 00a2 0620     		movs	r0, #6
 136 00a4 FFF7FEFF 		bl	HAL_NVIC_SetPriority
 137              	.LVL6:
 246:Src/main.c    ****   HAL_NVIC_EnableIRQ(EXTI0_IRQn);
 138              		.loc 1 246 0
 139 00a8 0620     		movs	r0, #6
 140 00aa FFF7FEFF 		bl	HAL_NVIC_EnableIRQ
 141              	.LVL7:
 247:Src/main.c    **** 
 248:Src/main.c    ****   HAL_NVIC_SetPriority(EXTI4_IRQn, 1, 0);
 142              		.loc 1 248 0
 143 00ae 2A46     		mov	r2, r5
 144 00b0 2146     		mov	r1, r4
 145 00b2 0A20     		movs	r0, #10
 146 00b4 FFF7FEFF 		bl	HAL_NVIC_SetPriority
 147              	.LVL8:
 249:Src/main.c    ****   HAL_NVIC_EnableIRQ(EXTI4_IRQn);
 148              		.loc 1 249 0
 149 00b8 0A20     		movs	r0, #10
 150 00ba FFF7FEFF 		bl	HAL_NVIC_EnableIRQ
 151              	.LVL9:
ARM GAS  /tmp/ccDvBU2J.s 			page 8


 250:Src/main.c    **** 
 251:Src/main.c    **** }
 152              		.loc 1 251 0
 153 00be 08B0     		add	sp, sp, #32
 154              	.LCFI2:
 155              		.cfi_def_cfa_offset 24
 156              		@ sp needed
 157 00c0 BDE8F081 		pop	{r4, r5, r6, r7, r8, pc}
 158              	.L4:
 159              		.align	2
 160              	.L3:
 161 00c4 00100240 		.word	1073876992
 162 00c8 00100048 		.word	1207963648
 163 00cc 00001110 		.word	269549568
 164              		.cfi_endproc
 165              	.LFE126:
 167              		.section	.text._Error_Handler,"ax",%progbits
 168              		.align	1
 169              		.global	_Error_Handler
 170              		.syntax unified
 171              		.thumb
 172              		.thumb_func
 173              		.fpu fpv4-sp-d16
 175              	_Error_Handler:
 176              	.LFB127:
 252:Src/main.c    **** 
 253:Src/main.c    **** /* USER CODE BEGIN 4 */
 254:Src/main.c    **** 
 255:Src/main.c    **** /* USER CODE END 4 */
 256:Src/main.c    **** 
 257:Src/main.c    **** /**
 258:Src/main.c    ****   * @brief  This function is executed in case of error occurrence.
 259:Src/main.c    ****   * @param  None
 260:Src/main.c    ****   * @retval None
 261:Src/main.c    ****   */
 262:Src/main.c    **** void _Error_Handler(char * file, int line)
 263:Src/main.c    **** {
 177              		.loc 1 263 0
 178              		.cfi_startproc
 179              		@ Volatile: function does not return.
 180              		@ args = 0, pretend = 0, frame = 0
 181              		@ frame_needed = 0, uses_anonymous_args = 0
 182              		@ link register save eliminated.
 183              	.LVL10:
 184              	.L6:
 185 0000 FEE7     		b	.L6
 186              		.cfi_endproc
 187              	.LFE127:
 189              		.section	.text.MX_TIM2_Init,"ax",%progbits
 190              		.align	1
 191              		.syntax unified
 192              		.thumb
 193              		.thumb_func
 194              		.fpu fpv4-sp-d16
 196              	MX_TIM2_Init:
 197              	.LFB125:
 162:Src/main.c    **** 
ARM GAS  /tmp/ccDvBU2J.s 			page 9


 198              		.loc 1 162 0
 199              		.cfi_startproc
 200              		@ args = 0, pretend = 0, frame = 32
 201              		@ frame_needed = 0, uses_anonymous_args = 0
 162:Src/main.c    **** 
 202              		.loc 1 162 0
 203 0000 00B5     		push	{lr}
 204              	.LCFI3:
 205              		.cfi_def_cfa_offset 4
 206              		.cfi_offset 14, -4
 207 0002 89B0     		sub	sp, sp, #36
 208              	.LCFI4:
 209              		.cfi_def_cfa_offset 40
 167:Src/main.c    ****   htim2.Init.Prescaler = 63;
 210              		.loc 1 167 0
 211 0004 1748     		ldr	r0, .L15
 212 0006 4FF08043 		mov	r3, #1073741824
 213 000a 0360     		str	r3, [r0]
 168:Src/main.c    ****   htim2.Init.CounterMode = TIM_COUNTERMODE_UP;
 214              		.loc 1 168 0
 215 000c 3F23     		movs	r3, #63
 216 000e 4360     		str	r3, [r0, #4]
 169:Src/main.c    ****   htim2.Init.Period = 103;
 217              		.loc 1 169 0
 218 0010 0023     		movs	r3, #0
 219 0012 8360     		str	r3, [r0, #8]
 170:Src/main.c    ****   htim2.Init.ClockDivision = TIM_CLOCKDIVISION_DIV1;
 220              		.loc 1 170 0
 221 0014 6722     		movs	r2, #103
 222 0016 C260     		str	r2, [r0, #12]
 171:Src/main.c    ****   htim2.Init.AutoReloadPreload = TIM_AUTORELOAD_PRELOAD_ENABLE;
 223              		.loc 1 171 0
 224 0018 0361     		str	r3, [r0, #16]
 172:Src/main.c    ****   if (HAL_TIM_Base_Init(&htim2) != HAL_OK)
 225              		.loc 1 172 0
 226 001a 8023     		movs	r3, #128
 227 001c 8361     		str	r3, [r0, #24]
 173:Src/main.c    ****   {
 228              		.loc 1 173 0
 229 001e FFF7FEFF 		bl	HAL_TIM_Base_Init
 230              	.LVL11:
 231 0022 98B9     		cbnz	r0, .L12
 178:Src/main.c    ****   if (HAL_TIM_ConfigClockSource(&htim2, &sClockSourceConfig) != HAL_OK)
 232              		.loc 1 178 0
 233 0024 08A9     		add	r1, sp, #32
 234 0026 4FF48053 		mov	r3, #4096
 235 002a 41F8103D 		str	r3, [r1, #-16]!
 179:Src/main.c    ****   {
 236              		.loc 1 179 0
 237 002e 0D48     		ldr	r0, .L15
 238 0030 FFF7FEFF 		bl	HAL_TIM_ConfigClockSource
 239              	.LVL12:
 240 0034 70B9     		cbnz	r0, .L13
 184:Src/main.c    ****   sMasterConfig.MasterSlaveMode = TIM_MASTERSLAVEMODE_DISABLE;
 241              		.loc 1 184 0
 242 0036 0023     		movs	r3, #0
 243 0038 0193     		str	r3, [sp, #4]
ARM GAS  /tmp/ccDvBU2J.s 			page 10


 185:Src/main.c    ****   if (HAL_TIMEx_MasterConfigSynchronization(&htim2, &sMasterConfig) != HAL_OK)
 244              		.loc 1 185 0
 245 003a 0393     		str	r3, [sp, #12]
 186:Src/main.c    ****   {
 246              		.loc 1 186 0
 247 003c 01A9     		add	r1, sp, #4
 248 003e 0948     		ldr	r0, .L15
 249 0040 FFF7FEFF 		bl	HAL_TIMEx_MasterConfigSynchronization
 250              	.LVL13:
 251 0044 50B9     		cbnz	r0, .L14
 191:Src/main.c    **** 
 252              		.loc 1 191 0
 253 0046 09B0     		add	sp, sp, #36
 254              	.LCFI5:
 255              		.cfi_remember_state
 256              		.cfi_def_cfa_offset 4
 257              		@ sp needed
 258 0048 5DF804FB 		ldr	pc, [sp], #4
 259              	.L12:
 260              	.LCFI6:
 261              		.cfi_restore_state
 175:Src/main.c    ****   }
 262              		.loc 1 175 0
 263 004c AF21     		movs	r1, #175
 264 004e 0648     		ldr	r0, .L15+4
 265 0050 FFF7FEFF 		bl	_Error_Handler
 266              	.LVL14:
 267              	.L13:
 181:Src/main.c    ****   }
 268              		.loc 1 181 0
 269 0054 B521     		movs	r1, #181
 270 0056 0448     		ldr	r0, .L15+4
 271 0058 FFF7FEFF 		bl	_Error_Handler
 272              	.LVL15:
 273              	.L14:
 188:Src/main.c    ****   }
 274              		.loc 1 188 0
 275 005c BC21     		movs	r1, #188
 276 005e 0248     		ldr	r0, .L15+4
 277 0060 FFF7FEFF 		bl	_Error_Handler
 278              	.LVL16:
 279              	.L16:
 280              		.align	2
 281              	.L15:
 282 0064 00000000 		.word	htim2
 283 0068 00000000 		.word	.LC0
 284              		.cfi_endproc
 285              	.LFE125:
 287              		.section	.text.SystemClock_Config,"ax",%progbits
 288              		.align	1
 289              		.global	SystemClock_Config
 290              		.syntax unified
 291              		.thumb
 292              		.thumb_func
 293              		.fpu fpv4-sp-d16
 295              	SystemClock_Config:
 296              	.LFB124:
ARM GAS  /tmp/ccDvBU2J.s 			page 11


 116:Src/main.c    **** 
 297              		.loc 1 116 0
 298              		.cfi_startproc
 299              		@ args = 0, pretend = 0, frame = 64
 300              		@ frame_needed = 0, uses_anonymous_args = 0
 301 0000 00B5     		push	{lr}
 302              	.LCFI7:
 303              		.cfi_def_cfa_offset 4
 304              		.cfi_offset 14, -4
 305 0002 91B0     		sub	sp, sp, #68
 306              	.LCFI8:
 307              		.cfi_def_cfa_offset 72
 123:Src/main.c    ****   RCC_OscInitStruct.HSIState = RCC_HSI_ON;
 308              		.loc 1 123 0
 309 0004 0223     		movs	r3, #2
 310 0006 0693     		str	r3, [sp, #24]
 124:Src/main.c    ****   RCC_OscInitStruct.HSICalibrationValue = 16;
 311              		.loc 1 124 0
 312 0008 0122     		movs	r2, #1
 313 000a 0A92     		str	r2, [sp, #40]
 125:Src/main.c    ****   RCC_OscInitStruct.PLL.PLLState = RCC_PLL_ON;
 314              		.loc 1 125 0
 315 000c 1022     		movs	r2, #16
 316 000e 0B92     		str	r2, [sp, #44]
 126:Src/main.c    ****   RCC_OscInitStruct.PLL.PLLSource = RCC_PLLSOURCE_HSI;
 317              		.loc 1 126 0
 318 0010 0D93     		str	r3, [sp, #52]
 127:Src/main.c    ****   RCC_OscInitStruct.PLL.PLLMUL = RCC_PLL_MUL16;
 319              		.loc 1 127 0
 320 0012 0023     		movs	r3, #0
 321 0014 0E93     		str	r3, [sp, #56]
 128:Src/main.c    ****   if (HAL_RCC_OscConfig(&RCC_OscInitStruct) != HAL_OK)
 322              		.loc 1 128 0
 323 0016 4FF46013 		mov	r3, #3670016
 324 001a 0F93     		str	r3, [sp, #60]
 129:Src/main.c    ****   {
 325              		.loc 1 129 0
 326 001c 06A8     		add	r0, sp, #24
 327 001e FFF7FEFF 		bl	HAL_RCC_OscConfig
 328              	.LVL17:
 329 0022 08BB     		cbnz	r0, .L21
 136:Src/main.c    ****                               |RCC_CLOCKTYPE_PCLK1|RCC_CLOCKTYPE_PCLK2;
 330              		.loc 1 136 0
 331 0024 0F23     		movs	r3, #15
 332 0026 0193     		str	r3, [sp, #4]
 138:Src/main.c    ****   RCC_ClkInitStruct.AHBCLKDivider = RCC_SYSCLK_DIV1;
 333              		.loc 1 138 0
 334 0028 0221     		movs	r1, #2
 335 002a 0291     		str	r1, [sp, #8]
 139:Src/main.c    ****   RCC_ClkInitStruct.APB1CLKDivider = RCC_HCLK_DIV2;
 336              		.loc 1 139 0
 337 002c 0023     		movs	r3, #0
 338 002e 0393     		str	r3, [sp, #12]
 140:Src/main.c    ****   RCC_ClkInitStruct.APB2CLKDivider = RCC_HCLK_DIV1;
 339              		.loc 1 140 0
 340 0030 4FF48062 		mov	r2, #1024
 341 0034 0492     		str	r2, [sp, #16]
ARM GAS  /tmp/ccDvBU2J.s 			page 12


 141:Src/main.c    **** 
 342              		.loc 1 141 0
 343 0036 0593     		str	r3, [sp, #20]
 143:Src/main.c    ****   {
 344              		.loc 1 143 0
 345 0038 01A8     		add	r0, sp, #4
 346 003a FFF7FEFF 		bl	HAL_RCC_ClockConfig
 347              	.LVL18:
 348 003e B8B9     		cbnz	r0, .L22
 150:Src/main.c    **** 
 349              		.loc 1 150 0
 350 0040 FFF7FEFF 		bl	HAL_RCC_GetHCLKFreq
 351              	.LVL19:
 352 0044 0C4B     		ldr	r3, .L23
 353 0046 A3FB0030 		umull	r3, r0, r3, r0
 354 004a 8009     		lsrs	r0, r0, #6
 355 004c FFF7FEFF 		bl	HAL_SYSTICK_Config
 356              	.LVL20:
 154:Src/main.c    **** 
 357              		.loc 1 154 0
 358 0050 0420     		movs	r0, #4
 359 0052 FFF7FEFF 		bl	HAL_SYSTICK_CLKSourceConfig
 360              	.LVL21:
 157:Src/main.c    **** }
 361              		.loc 1 157 0
 362 0056 0022     		movs	r2, #0
 363 0058 1146     		mov	r1, r2
 364 005a 4FF0FF30 		mov	r0, #-1
 365 005e FFF7FEFF 		bl	HAL_NVIC_SetPriority
 366              	.LVL22:
 158:Src/main.c    **** 
 367              		.loc 1 158 0
 368 0062 11B0     		add	sp, sp, #68
 369              	.LCFI9:
 370              		.cfi_remember_state
 371              		.cfi_def_cfa_offset 4
 372              		@ sp needed
 373 0064 5DF804FB 		ldr	pc, [sp], #4
 374              	.L21:
 375              	.LCFI10:
 376              		.cfi_restore_state
 131:Src/main.c    ****   }
 377              		.loc 1 131 0
 378 0068 8321     		movs	r1, #131
 379 006a 0448     		ldr	r0, .L23+4
 380 006c FFF7FEFF 		bl	_Error_Handler
 381              	.LVL23:
 382              	.L22:
 145:Src/main.c    ****   }
 383              		.loc 1 145 0
 384 0070 9121     		movs	r1, #145
 385 0072 0248     		ldr	r0, .L23+4
 386 0074 FFF7FEFF 		bl	_Error_Handler
 387              	.LVL24:
 388              	.L24:
 389              		.align	2
 390              	.L23:
ARM GAS  /tmp/ccDvBU2J.s 			page 13


 391 0078 D34D6210 		.word	274877907
 392 007c 00000000 		.word	.LC0
 393              		.cfi_endproc
 394              	.LFE124:
 396              		.section	.text.main,"ax",%progbits
 397              		.align	1
 398              		.global	main
 399              		.syntax unified
 400              		.thumb
 401              		.thumb_func
 402              		.fpu fpv4-sp-d16
 404              	main:
 405              	.LFB123:
  70:Src/main.c    **** 
 406              		.loc 1 70 0
 407              		.cfi_startproc
 408              		@ Volatile: function does not return.
 409              		@ args = 0, pretend = 0, frame = 0
 410              		@ frame_needed = 0, uses_anonymous_args = 0
 411 0000 08B5     		push	{r3, lr}
 412              	.LCFI11:
 413              		.cfi_def_cfa_offset 8
 414              		.cfi_offset 3, -8
 415              		.cfi_offset 14, -4
  79:Src/main.c    **** 
 416              		.loc 1 79 0
 417 0002 FFF7FEFF 		bl	HAL_Init
 418              	.LVL25:
  86:Src/main.c    **** 
 419              		.loc 1 86 0
 420 0006 FFF7FEFF 		bl	SystemClock_Config
 421              	.LVL26:
  93:Src/main.c    ****   MX_TIM2_Init();
 422              		.loc 1 93 0
 423 000a FFF7FEFF 		bl	MX_GPIO_Init
 424              	.LVL27:
  94:Src/main.c    **** 
 425              		.loc 1 94 0
 426 000e FFF7FEFF 		bl	MX_TIM2_Init
 427              	.LVL28:
 428              	.L26:
 429 0012 FEE7     		b	.L26
 430              		.cfi_endproc
 431              	.LFE123:
 433              		.section	.text.assert_failed,"ax",%progbits
 434              		.align	1
 435              		.global	assert_failed
 436              		.syntax unified
 437              		.thumb
 438              		.thumb_func
 439              		.fpu fpv4-sp-d16
 441              	assert_failed:
 442              	.LFB128:
 264:Src/main.c    ****   /* USER CODE BEGIN Error_Handler_Debug */
 265:Src/main.c    ****   /* User can add his own implementation to report the HAL error return state */
 266:Src/main.c    ****   while(1) 
 267:Src/main.c    ****   {
ARM GAS  /tmp/ccDvBU2J.s 			page 14


 268:Src/main.c    ****   }
 269:Src/main.c    ****   /* USER CODE END Error_Handler_Debug */ 
 270:Src/main.c    **** }
 271:Src/main.c    **** 
 272:Src/main.c    **** #ifdef USE_FULL_ASSERT
 273:Src/main.c    **** 
 274:Src/main.c    **** /**
 275:Src/main.c    ****    * @brief Reports the name of the source file and the source line number
 276:Src/main.c    ****    * where the assert_param error has occurred.
 277:Src/main.c    ****    * @param file: pointer to the source file name
 278:Src/main.c    ****    * @param line: assert_param error line source number
 279:Src/main.c    ****    * @retval None
 280:Src/main.c    ****    */
 281:Src/main.c    **** void assert_failed(uint8_t* file, uint32_t line)
 282:Src/main.c    **** {
 443              		.loc 1 282 0
 444              		.cfi_startproc
 445              		@ args = 0, pretend = 0, frame = 0
 446              		@ frame_needed = 0, uses_anonymous_args = 0
 447              		@ link register save eliminated.
 448              	.LVL29:
 449 0000 7047     		bx	lr
 450              		.cfi_endproc
 451              	.LFE128:
 453              		.comm	htim2,64,4
 454              		.section	.rodata.MX_TIM2_Init.str1.4,"aMS",%progbits,1
 455              		.align	2
 456              	.LC0:
 457 0000 5372632F 		.ascii	"Src/main.c\000"
 457      6D61696E 
 457      2E6300
 458              		.text
 459              	.Letext0:
 460              		.file 2 "/home/saicharan/arm/arm-none-eabi/include/machine/_default_types.h"
 461              		.file 3 "/home/saicharan/arm/arm-none-eabi/include/stdint.h"
 462              		.file 4 "Drivers/CMSIS/Include/core_cm4.h"
 463              		.file 5 "Drivers/CMSIS/Device/ST/STM32F3xx/Include/system_stm32f3xx.h"
 464              		.file 6 "Drivers/CMSIS/Device/ST/STM32F3xx/Include/stm32f303xc.h"
 465              		.file 7 "/home/saicharan/arm/arm-none-eabi/include/sys/lock.h"
 466              		.file 8 "/home/saicharan/arm/arm-none-eabi/include/sys/_types.h"
 467              		.file 9 "/home/saicharan/arm/lib/gcc/arm-none-eabi/6.3.0/include/stddef.h"
 468              		.file 10 "/home/saicharan/arm/arm-none-eabi/include/sys/reent.h"
 469              		.file 11 "Drivers/STM32F3xx_HAL_Driver/Inc/stm32f3xx_hal_def.h"
 470              		.file 12 "Drivers/STM32F3xx_HAL_Driver/Inc/stm32f3xx_hal_rcc.h"
 471              		.file 13 "Drivers/STM32F3xx_HAL_Driver/Inc/stm32f3xx_hal_gpio.h"
 472              		.file 14 "Drivers/STM32F3xx_HAL_Driver/Inc/stm32f3xx_hal_dma.h"
 473              		.file 15 "Drivers/STM32F3xx_HAL_Driver/Inc/stm32f3xx_hal_tim.h"
 474              		.file 16 "Drivers/STM32F3xx_HAL_Driver/Inc/stm32f3xx_hal_tim_ex.h"
 475              		.file 17 "Drivers/STM32F3xx_HAL_Driver/Inc/stm32f3xx_hal_cortex.h"
 476              		.file 18 "Drivers/STM32F3xx_HAL_Driver/Inc/stm32f3xx_hal.h"
ARM GAS  /tmp/ccDvBU2J.s 			page 15


DEFINED SYMBOLS
                            *ABS*:0000000000000000 main.c
     /tmp/ccDvBU2J.s:18     .text.MX_GPIO_Init:0000000000000000 $t
     /tmp/ccDvBU2J.s:24     .text.MX_GPIO_Init:0000000000000000 MX_GPIO_Init
     /tmp/ccDvBU2J.s:161    .text.MX_GPIO_Init:00000000000000c4 $d
     /tmp/ccDvBU2J.s:168    .text._Error_Handler:0000000000000000 $t
     /tmp/ccDvBU2J.s:175    .text._Error_Handler:0000000000000000 _Error_Handler
     /tmp/ccDvBU2J.s:190    .text.MX_TIM2_Init:0000000000000000 $t
     /tmp/ccDvBU2J.s:196    .text.MX_TIM2_Init:0000000000000000 MX_TIM2_Init
     /tmp/ccDvBU2J.s:282    .text.MX_TIM2_Init:0000000000000064 $d
                            *COM*:0000000000000040 htim2
     /tmp/ccDvBU2J.s:288    .text.SystemClock_Config:0000000000000000 $t
     /tmp/ccDvBU2J.s:295    .text.SystemClock_Config:0000000000000000 SystemClock_Config
     /tmp/ccDvBU2J.s:391    .text.SystemClock_Config:0000000000000078 $d
     /tmp/ccDvBU2J.s:397    .text.main:0000000000000000 $t
     /tmp/ccDvBU2J.s:404    .text.main:0000000000000000 main
     /tmp/ccDvBU2J.s:434    .text.assert_failed:0000000000000000 $t
     /tmp/ccDvBU2J.s:441    .text.assert_failed:0000000000000000 assert_failed
     /tmp/ccDvBU2J.s:455    .rodata.MX_TIM2_Init.str1.4:0000000000000000 $d
                     .debug_frame:0000000000000010 $d

UNDEFINED SYMBOLS
HAL_GPIO_WritePin
HAL_GPIO_Init
HAL_NVIC_SetPriority
HAL_NVIC_EnableIRQ
HAL_TIM_Base_Init
HAL_TIM_ConfigClockSource
HAL_TIMEx_MasterConfigSynchronization
HAL_RCC_OscConfig
HAL_RCC_ClockConfig
HAL_RCC_GetHCLKFreq
HAL_SYSTICK_Config
HAL_SYSTICK_CLKSourceConfig
HAL_Init
